<?xml version="1.0" encoding="UTF-8"?>
<testng-results ignored="0" total="1" passed="1" failed="0" skipped="0">
  <reporter-output>
  </reporter-output>
  <suite started-at="2021-06-11T22:25:27Z" name="Surefire suite" finished-at="2021-06-11T22:25:27Z" duration-ms="159">
    <groups>
    </groups>
    <test started-at="2021-06-11T22:25:27Z" name="Surefire test" finished-at="2021-06-11T22:25:27Z" duration-ms="159">
      <class name="caseStudy.SeleniumWebsite.AppTest">
        <test-method signature="shouldAnswerWithTrue()" started-at="2021-06-11T22:25:27Z" name="shouldAnswerWithTrue" finished-at="2021-06-11T22:25:27Z" duration-ms="58" status="PASS">
          <reporter-output>
          </reporter-output>
        </test-method> <!-- shouldAnswerWithTrue -->
      </class> <!-- caseStudy.SeleniumWebsite.AppTest -->
    </test> <!-- Surefire test -->
  </suite> <!-- Surefire suite -->
</testng-results>
